<?xml version="1.0" encoding="UTF-8"?>
<!-- Generated by org.testng.reporters.JUnitXMLReporter -->
<testsuite ignored="0" hostname="Samanvitha" failures="0" tests="5" name="Auth Tests" time="42.034" errors="0" timestamp="2026-05-01T12:43:18 IST">
  <testcase classname="com.bluledgerautomation.tests.AuthTest" name="loginTest" time="3.22"/>
  <testcase classname="com.bluledgerautomation.tests.AuthTest" name="loginTest" time="2.803"/>
  <testcase classname="com.bluledgerautomation.tests.AuthTest" name="loginTest" time="1.992"/>
  <testcase classname="com.bluledgerautomation.tests.AuthTest" name="loginTest" time="1.512"/>
  <testcase classname="com.bluledgerautomation.tests.AuthTest" name="logoutTest" time="2.058"/>
</testsuite> <!-- Auth Tests -->
