<?xml version="1.0" encoding="UTF-8"?>
<!-- Generated by org.testng.reporters.JUnitXMLReporter -->
<testsuite ignored="0" hostname="Samanvitha" failures="0" tests="3" name="Form Validation Tests" time="15.578" errors="0" timestamp="2026-05-01T12:43:47 IST">
  <testcase classname="com.bluledgerautomation.tests.FormValidationTest" name="verifyDestinationMandatory" time="3.012"/>
  <testcase classname="com.bluledgerautomation.tests.FormValidationTest" name="verifyEmptyFormValidation" time="1.925"/>
  <testcase classname="com.bluledgerautomation.tests.FormValidationTest" name="verifyReferenceMandatory" time="1.983"/>
</testsuite> <!-- Form Validation Tests -->
