<?xml version="1.0" encoding="UTF-8"?>
<!-- Generated by org.testng.reporters.JUnitXMLReporter -->
<testsuite ignored="0" hostname="Samanvitha" failures="0" tests="2" name="Transaction Tests" time="23.381" errors="0" timestamp="2026-05-01T12:43:41 IST">
  <testcase classname="com.bluledgerautomation.tests.TransactionTest" name="verifyEmptySearch" time="12.346"/>
  <testcase classname="com.bluledgerautomation.tests.TransactionTest" name="verifySearchTransaction" time="2.216"/>
</testsuite> <!-- Transaction Tests -->
