<?xml version="1.0" encoding="UTF-8"?>
<!-- Generated by org.testng.reporters.JUnitXMLReporter -->
<testsuite ignored="0" hostname="Samanvitha" failures="0" tests="4" name="Transfer Tests" time="22.455" errors="0" timestamp="2026-05-01T12:43:32 IST">
  <testcase classname="com.bluledgerautomation.tests.TransferTest" name="verifyAmountInReviewPage" time="3.503"/>
  <testcase classname="com.bluledgerautomation.tests.TransferTest" name="verifyFundTransferFlow" time="4.101"/>
  <testcase classname="com.bluledgerautomation.tests.TransferTest" name="verifyInvalidAmount" time="2.591"/>
  <testcase classname="com.bluledgerautomation.tests.TransferTest" name="verifyMandatoryFields" time="1.758"/>
</testsuite> <!-- Transfer Tests -->
