<?xml version="1.0" encoding="UTF-8"?>
<testng-results ignored="0" total="15" passed="15" failed="0" skipped="0">
  <reporter-output>
  </reporter-output>
  <suite started-at="2026-05-01T12:42:36 IST" name="BluLedger Suite" finished-at="2026-05-01T12:43:47 IST" duration-ms="71745">
    <groups>
    </groups>
    <test started-at="2026-05-01T12:42:36 IST" name="Account Tests" finished-at="2026-05-01T12:43:08 IST" duration-ms="31992">
      <class name="com.bluledgerautomation.tests.AccountTest">
        <test-method is-config="true" signature="setup()[pri:0, instance:com.bluledgerautomation.tests.AccountTest@64ec96c6]" started-at="2026-05-01T12:42:36 IST" name="setup" finished-at="2026-05-01T12:42:46 IST" duration-ms="9798" status="PASS">
          <reporter-output>
          </reporter-output>
        </test-method> <!-- setup -->
        <test-method signature="verifyAccountOverview()[pri:0, instance:com.bluledgerautomation.tests.AccountTest@64ec96c6]" started-at="2026-05-01T12:42:46 IST" name="verifyAccountOverview" finished-at="2026-05-01T12:43:02 IST" duration-ms="16935" status="PASS">
          <reporter-output>
          </reporter-output>
        </test-method> <!-- verifyAccountOverview -->
        <test-method is-config="true" signature="tearDown()[pri:0, instance:com.bluledgerautomation.tests.AccountTest@64ec96c6]" started-at="2026-05-01T12:43:02 IST" name="tearDown" finished-at="2026-05-01T12:43:08 IST" duration-ms="5108" status="PASS">
          <reporter-output>
          </reporter-output>
        </test-method> <!-- tearDown -->
      </class> <!-- com.bluledgerautomation.tests.AccountTest -->
    </test> <!-- Account Tests -->
    <test started-at="2026-05-01T12:42:36 IST" name="Auth Tests" finished-at="2026-05-01T12:43:18 IST" duration-ms="42034">
      <class name="com.bluledgerautomation.tests.AuthTest">
        <test-method is-config="true" signature="setup()[pri:0, instance:com.bluledgerautomation.tests.AuthTest@1e16c0aa]" started-at="2026-05-01T12:42:38 IST" name="setup" finished-at="2026-05-01T12:42:46 IST" duration-ms="7154" status="PASS">
          <reporter-output>
          </reporter-output>
        </test-method> <!-- setup -->
        <test-method signature="loginTest(java.lang.String,java.lang.String,java.lang.String)[pri:0, instance:com.bluledgerautomation.tests.AuthTest@1e16c0aa]" started-at="2026-05-01T12:42:46 IST" name="loginTest" data-provider="loginData" finished-at="2026-05-01T12:42:49 IST" duration-ms="3220" status="PASS">
          <params>
            <param index="0">
              <value>
                <![CDATA[92718463]]>
              </value>
            </param>
            <param index="1">
              <value>
                <![CDATA[Harbour!92]]>
              </value>
            </param>
            <param index="2">
              <value>
                <![CDATA[success]]>
              </value>
            </param>
          </params>
          <reporter-output>
          </reporter-output>
        </test-method> <!-- loginTest -->
        <test-method is-config="true" signature="tearDown()[pri:0, instance:com.bluledgerautomation.tests.AuthTest@1e16c0aa]" started-at="2026-05-01T12:42:49 IST" name="tearDown" finished-at="2026-05-01T12:42:52 IST" duration-ms="2926" status="PASS">
          <reporter-output>
          </reporter-output>
        </test-method> <!-- tearDown -->
        <test-method is-config="true" signature="setup()[pri:0, instance:com.bluledgerautomation.tests.AuthTest@1e16c0aa]" started-at="2026-05-01T12:42:52 IST" name="setup" finished-at="2026-05-01T12:42:54 IST" duration-ms="2364" status="PASS">
          <reporter-output>
          </reporter-output>
        </test-method> <!-- setup -->
        <test-method signature="loginTest(java.lang.String,java.lang.String,java.lang.String)[pri:0, instance:com.bluledgerautomation.tests.AuthTest@1e16c0aa]" started-at="2026-05-01T12:42:54 IST" name="loginTest" data-provider="loginData" finished-at="2026-05-01T12:42:57 IST" duration-ms="2803" status="PASS">
          <params>
            <param index="0">
              <value>
                <![CDATA[38451209]]>
              </value>
            </param>
            <param index="1">
              <value>
                <![CDATA[Jacaranda#47]]>
              </value>
            </param>
            <param index="2">
              <value>
                <![CDATA[success]]>
              </value>
            </param>
          </params>
          <reporter-output>
          </reporter-output>
        </test-method> <!-- loginTest -->
        <test-method is-config="true" signature="tearDown()[pri:0, instance:com.bluledgerautomation.tests.AuthTest@1e16c0aa]" started-at="2026-05-01T12:42:57 IST" name="tearDown" finished-at="2026-05-01T12:43:00 IST" duration-ms="3192" status="PASS">
          <reporter-output>
          </reporter-output>
        </test-method> <!-- tearDown -->
        <test-method is-config="true" signature="setup()[pri:0, instance:com.bluledgerautomation.tests.AuthTest@1e16c0aa]" started-at="2026-05-01T12:43:00 IST" name="setup" finished-at="2026-05-01T12:43:03 IST" duration-ms="3263" status="PASS">
          <reporter-output>
          </reporter-output>
        </test-method> <!-- setup -->
        <test-method signature="loginTest(java.lang.String,java.lang.String,java.lang.String)[pri:0, instance:com.bluledgerautomation.tests.AuthTest@1e16c0aa]" started-at="2026-05-01T12:43:03 IST" name="loginTest" data-provider="loginData" finished-at="2026-05-01T12:43:05 IST" duration-ms="1992" status="PASS">
          <params>
            <param index="0">
              <value>
                <![CDATA[61844027]]>
              </value>
            </param>
            <param index="1">
              <value>
                <![CDATA[Quartz!61]]>
              </value>
            </param>
            <param index="2">
              <value>
                <![CDATA[success]]>
              </value>
            </param>
          </params>
          <reporter-output>
          </reporter-output>
        </test-method> <!-- loginTest -->
        <test-method is-config="true" signature="tearDown()[pri:0, instance:com.bluledgerautomation.tests.AuthTest@1e16c0aa]" started-at="2026-05-01T12:43:05 IST" name="tearDown" finished-at="2026-05-01T12:43:06 IST" duration-ms="1128" status="PASS">
          <reporter-output>
          </reporter-output>
        </test-method> <!-- tearDown -->
        <test-method is-config="true" signature="setup()[pri:0, instance:com.bluledgerautomation.tests.AuthTest@1e16c0aa]" started-at="2026-05-01T12:43:06 IST" name="setup" finished-at="2026-05-01T12:43:08 IST" duration-ms="1787" status="PASS">
          <reporter-output>
          </reporter-output>
        </test-method> <!-- setup -->
        <test-method signature="loginTest(java.lang.String,java.lang.String,java.lang.String)[pri:0, instance:com.bluledgerautomation.tests.AuthTest@1e16c0aa]" started-at="2026-05-01T12:43:08 IST" name="loginTest" data-provider="loginData" finished-at="2026-05-01T12:43:10 IST" duration-ms="1512" status="PASS">
          <params>
            <param index="0">
              <value>
                <![CDATA[92718463]]>
              </value>
            </param>
            <param index="1">
              <value>
                <![CDATA[wrong123]]>
              </value>
            </param>
            <param index="2">
              <value>
                <![CDATA[failure]]>
              </value>
            </param>
          </params>
          <reporter-output>
          </reporter-output>
        </test-method> <!-- loginTest -->
        <test-method is-config="true" signature="tearDown()[pri:0, instance:com.bluledgerautomation.tests.AuthTest@1e16c0aa]" started-at="2026-05-01T12:43:10 IST" name="tearDown" finished-at="2026-05-01T12:43:12 IST" duration-ms="2219" status="PASS">
          <reporter-output>
          </reporter-output>
        </test-method> <!-- tearDown -->
        <test-method is-config="true" signature="setup()[pri:0, instance:com.bluledgerautomation.tests.AuthTest@1e16c0aa]" started-at="2026-05-01T12:43:12 IST" name="setup" finished-at="2026-05-01T12:43:14 IST" duration-ms="1933" status="PASS">
          <reporter-output>
          </reporter-output>
        </test-method> <!-- setup -->
        <test-method signature="logoutTest()[pri:0, instance:com.bluledgerautomation.tests.AuthTest@1e16c0aa]" started-at="2026-05-01T12:43:14 IST" name="logoutTest" finished-at="2026-05-01T12:43:16 IST" duration-ms="2058" status="PASS">
          <reporter-output>
          </reporter-output>
        </test-method> <!-- logoutTest -->
        <test-method is-config="true" signature="tearDown()[pri:0, instance:com.bluledgerautomation.tests.AuthTest@1e16c0aa]" started-at="2026-05-01T12:43:16 IST" name="tearDown" finished-at="2026-05-01T12:43:18 IST" duration-ms="1643" status="PASS">
          <reporter-output>
          </reporter-output>
        </test-method> <!-- tearDown -->
      </class> <!-- com.bluledgerautomation.tests.AuthTest -->
    </test> <!-- Auth Tests -->
    <test started-at="2026-05-01T12:43:09 IST" name="Transfer Tests" finished-at="2026-05-01T12:43:32 IST" duration-ms="22455">
      <class name="com.bluledgerautomation.tests.TransferTest">
        <test-method is-config="true" signature="setup()[pri:0, instance:com.bluledgerautomation.tests.TransferTest@6f8e8894]" started-at="2026-05-01T12:43:09 IST" name="setup" finished-at="2026-05-01T12:43:11 IST" duration-ms="2104" status="PASS">
          <reporter-output>
          </reporter-output>
        </test-method> <!-- setup -->
        <test-method signature="verifyAmountInReviewPage()[pri:0, instance:com.bluledgerautomation.tests.TransferTest@6f8e8894]" started-at="2026-05-01T12:43:11 IST" name="verifyAmountInReviewPage" finished-at="2026-05-01T12:43:15 IST" duration-ms="3503" status="PASS">
          <reporter-output>
          </reporter-output>
        </test-method> <!-- verifyAmountInReviewPage -->
        <test-method is-config="true" signature="tearDown()[pri:0, instance:com.bluledgerautomation.tests.TransferTest@6f8e8894]" started-at="2026-05-01T12:43:15 IST" name="tearDown" finished-at="2026-05-01T12:43:16 IST" duration-ms="1023" status="PASS">
          <reporter-output>
          </reporter-output>
        </test-method> <!-- tearDown -->
        <test-method is-config="true" signature="setup()[pri:0, instance:com.bluledgerautomation.tests.TransferTest@6f8e8894]" started-at="2026-05-01T12:43:16 IST" name="setup" finished-at="2026-05-01T12:43:18 IST" duration-ms="2038" status="PASS">
          <reporter-output>
          </reporter-output>
        </test-method> <!-- setup -->
        <test-method signature="verifyFundTransferFlow()[pri:0, instance:com.bluledgerautomation.tests.TransferTest@6f8e8894]" started-at="2026-05-01T12:43:18 IST" name="verifyFundTransferFlow" finished-at="2026-05-01T12:43:22 IST" duration-ms="4101" status="PASS">
          <reporter-output>
          </reporter-output>
        </test-method> <!-- verifyFundTransferFlow -->
        <test-method is-config="true" signature="tearDown()[pri:0, instance:com.bluledgerautomation.tests.TransferTest@6f8e8894]" started-at="2026-05-01T12:43:22 IST" name="tearDown" finished-at="2026-05-01T12:43:23 IST" duration-ms="812" status="PASS">
          <reporter-output>
          </reporter-output>
        </test-method> <!-- tearDown -->
        <test-method is-config="true" signature="setup()[pri:0, instance:com.bluledgerautomation.tests.TransferTest@6f8e8894]" started-at="2026-05-01T12:43:23 IST" name="setup" finished-at="2026-05-01T12:43:24 IST" duration-ms="1435" status="PASS">
          <reporter-output>
          </reporter-output>
        </test-method> <!-- setup -->
        <test-method signature="verifyInvalidAmount()[pri:0, instance:com.bluledgerautomation.tests.TransferTest@6f8e8894]" started-at="2026-05-01T12:43:24 IST" name="verifyInvalidAmount" finished-at="2026-05-01T12:43:27 IST" duration-ms="2591" status="PASS">
          <reporter-output>
          </reporter-output>
        </test-method> <!-- verifyInvalidAmount -->
        <test-method is-config="true" signature="tearDown()[pri:0, instance:com.bluledgerautomation.tests.TransferTest@6f8e8894]" started-at="2026-05-01T12:43:27 IST" name="tearDown" finished-at="2026-05-01T12:43:28 IST" duration-ms="931" status="PASS">
          <reporter-output>
          </reporter-output>
        </test-method> <!-- tearDown -->
        <test-method is-config="true" signature="setup()[pri:0, instance:com.bluledgerautomation.tests.TransferTest@6f8e8894]" started-at="2026-05-01T12:43:28 IST" name="setup" finished-at="2026-05-01T12:43:29 IST" duration-ms="1311" status="PASS">
          <reporter-output>
          </reporter-output>
        </test-method> <!-- setup -->
        <test-method signature="verifyMandatoryFields()[pri:0, instance:com.bluledgerautomation.tests.TransferTest@6f8e8894]" started-at="2026-05-01T12:43:29 IST" name="verifyMandatoryFields" finished-at="2026-05-01T12:43:31 IST" duration-ms="1758" status="PASS">
          <reporter-output>
          </reporter-output>
        </test-method> <!-- verifyMandatoryFields -->
        <test-method is-config="true" signature="tearDown()[pri:0, instance:com.bluledgerautomation.tests.TransferTest@6f8e8894]" started-at="2026-05-01T12:43:31 IST" name="tearDown" finished-at="2026-05-01T12:43:32 IST" duration-ms="816" status="PASS">
          <reporter-output>
          </reporter-output>
        </test-method> <!-- tearDown -->
      </class> <!-- com.bluledgerautomation.tests.TransferTest -->
    </test> <!-- Transfer Tests -->
    <test started-at="2026-05-01T12:43:18 IST" name="Transaction Tests" finished-at="2026-05-01T12:43:41 IST" duration-ms="23381">
      <class name="com.bluledgerautomation.tests.TransactionTest">
        <test-method is-config="true" signature="setup()[pri:0, instance:com.bluledgerautomation.tests.TransactionTest@a1f72f5]" started-at="2026-05-01T12:43:18 IST" name="setup" finished-at="2026-05-01T12:43:20 IST" duration-ms="1987" status="PASS">
          <reporter-output>
          </reporter-output>
        </test-method> <!-- setup -->
        <test-method signature="verifyEmptySearch()[pri:0, instance:com.bluledgerautomation.tests.TransactionTest@a1f72f5]" started-at="2026-05-01T12:43:20 IST" name="verifyEmptySearch" finished-at="2026-05-01T12:43:32 IST" duration-ms="12346" status="PASS">
          <reporter-output>
          </reporter-output>
        </test-method> <!-- verifyEmptySearch -->
        <test-method is-config="true" signature="tearDown()[pri:0, instance:com.bluledgerautomation.tests.TransactionTest@a1f72f5]" started-at="2026-05-01T12:43:32 IST" name="tearDown" finished-at="2026-05-01T12:43:35 IST" duration-ms="2446" status="PASS">
          <reporter-output>
          </reporter-output>
        </test-method> <!-- tearDown -->
        <test-method is-config="true" signature="setup()[pri:0, instance:com.bluledgerautomation.tests.TransactionTest@a1f72f5]" started-at="2026-05-01T12:43:35 IST" name="setup" finished-at="2026-05-01T12:43:37 IST" duration-ms="2014" status="PASS">
          <reporter-output>
          </reporter-output>
        </test-method> <!-- setup -->
        <test-method signature="verifySearchTransaction()[pri:0, instance:com.bluledgerautomation.tests.TransactionTest@a1f72f5]" started-at="2026-05-01T12:43:37 IST" name="verifySearchTransaction" finished-at="2026-05-01T12:43:39 IST" duration-ms="2216" status="PASS">
          <reporter-output>
          </reporter-output>
        </test-method> <!-- verifySearchTransaction -->
        <test-method is-config="true" signature="tearDown()[pri:0, instance:com.bluledgerautomation.tests.TransactionTest@a1f72f5]" started-at="2026-05-01T12:43:39 IST" name="tearDown" finished-at="2026-05-01T12:43:41 IST" duration-ms="2359" status="PASS">
          <reporter-output>
          </reporter-output>
        </test-method> <!-- tearDown -->
      </class> <!-- com.bluledgerautomation.tests.TransactionTest -->
    </test> <!-- Transaction Tests -->
    <test started-at="2026-05-01T12:43:32 IST" name="Form Validation Tests" finished-at="2026-05-01T12:43:47 IST" duration-ms="15578">
      <class name="com.bluledgerautomation.tests.FormValidationTest">
        <test-method is-config="true" signature="setup()[pri:0, instance:com.bluledgerautomation.tests.FormValidationTest@3eb91815]" started-at="2026-05-01T12:43:32 IST" name="setup" finished-at="2026-05-01T12:43:33 IST" duration-ms="1697" status="PASS">
          <reporter-output>
          </reporter-output>
        </test-method> <!-- setup -->
        <test-method signature="verifyDestinationMandatory()[pri:0, instance:com.bluledgerautomation.tests.FormValidationTest@3eb91815]" started-at="2026-05-01T12:43:33 IST" name="verifyDestinationMandatory" finished-at="2026-05-01T12:43:36 IST" duration-ms="3012" status="PASS">
          <reporter-output>
          </reporter-output>
        </test-method> <!-- verifyDestinationMandatory -->
        <test-method is-config="true" signature="tearDown()[pri:0, instance:com.bluledgerautomation.tests.FormValidationTest@3eb91815]" started-at="2026-05-01T12:43:37 IST" name="tearDown" finished-at="2026-05-01T12:43:38 IST" duration-ms="1306" status="PASS">
          <reporter-output>
          </reporter-output>
        </test-method> <!-- tearDown -->
        <test-method is-config="true" signature="setup()[pri:0, instance:com.bluledgerautomation.tests.FormValidationTest@3eb91815]" started-at="2026-05-01T12:43:38 IST" name="setup" finished-at="2026-05-01T12:43:40 IST" duration-ms="2146" status="PASS">
          <reporter-output>
          </reporter-output>
        </test-method> <!-- setup -->
        <test-method signature="verifyEmptyFormValidation()[pri:0, instance:com.bluledgerautomation.tests.FormValidationTest@3eb91815]" started-at="2026-05-01T12:43:40 IST" name="verifyEmptyFormValidation" finished-at="2026-05-01T12:43:42 IST" duration-ms="1925" status="PASS">
          <reporter-output>
          </reporter-output>
        </test-method> <!-- verifyEmptyFormValidation -->
        <test-method is-config="true" signature="tearDown()[pri:0, instance:com.bluledgerautomation.tests.FormValidationTest@3eb91815]" started-at="2026-05-01T12:43:42 IST" name="tearDown" finished-at="2026-05-01T12:43:43 IST" duration-ms="1030" status="PASS">
          <reporter-output>
          </reporter-output>
        </test-method> <!-- tearDown -->
        <test-method is-config="true" signature="setup()[pri:0, instance:com.bluledgerautomation.tests.FormValidationTest@3eb91815]" started-at="2026-05-01T12:43:43 IST" name="setup" finished-at="2026-05-01T12:43:44 IST" duration-ms="1575" status="PASS">
          <reporter-output>
          </reporter-output>
        </test-method> <!-- setup -->
        <test-method signature="verifyReferenceMandatory()[pri:0, instance:com.bluledgerautomation.tests.FormValidationTest@3eb91815]" started-at="2026-05-01T12:43:44 IST" name="verifyReferenceMandatory" finished-at="2026-05-01T12:43:46 IST" duration-ms="1983" status="PASS">
          <reporter-output>
          </reporter-output>
        </test-method> <!-- verifyReferenceMandatory -->
        <test-method is-config="true" signature="tearDown()[pri:0, instance:com.bluledgerautomation.tests.FormValidationTest@3eb91815]" started-at="2026-05-01T12:43:46 IST" name="tearDown" finished-at="2026-05-01T12:43:47 IST" duration-ms="884" status="PASS">
          <reporter-output>
          </reporter-output>
        </test-method> <!-- tearDown -->
      </class> <!-- com.bluledgerautomation.tests.FormValidationTest -->
    </test> <!-- Form Validation Tests -->
  </suite> <!-- BluLedger Suite -->
</testng-results>
