<?xml version="1.0" encoding="UTF-8"?>
<!-- Generated by org.testng.reporters.JUnitReportReporter -->
<testsuite hostname="Samanvitha" failures="0" tests="4" name="com.bluledgerautomation.tests.TransferTest" time="22.423" errors="0" timestamp="2026-05-01T12:43:48 IST" skipped="0">
  <testcase classname="com.bluledgerautomation.tests.TransferTest" name="verifyInvalidAmount" time="5.049"/>
  <testcase classname="com.bluledgerautomation.tests.TransferTest" name="verifyAmountInReviewPage" time="6.353"/>
  <testcase classname="com.bluledgerautomation.tests.TransferTest" name="verifyFundTransferFlow" time="7.136"/>
  <testcase classname="com.bluledgerautomation.tests.TransferTest" name="verifyMandatoryFields" time="3.885"/>
</testsuite> <!-- com.bluledgerautomation.tests.TransferTest -->
