<?xml version="1.0" encoding="UTF-8"?>
<!-- Generated by org.testng.reporters.JUnitReportReporter -->
<testsuite hostname="Samanvitha" failures="0" tests="3" name="com.bluledgerautomation.tests.FormValidationTest" time="15.558" errors="0" timestamp="2026-05-01T12:43:48 IST" skipped="0">
  <testcase classname="com.bluledgerautomation.tests.FormValidationTest" name="verifyDestinationMandatory" time="5.593"/>
  <testcase classname="com.bluledgerautomation.tests.FormValidationTest" name="verifyEmptyFormValidation" time="4.806"/>
  <testcase classname="com.bluledgerautomation.tests.FormValidationTest" name="verifyReferenceMandatory" time="5.159"/>
</testsuite> <!-- com.bluledgerautomation.tests.FormValidationTest -->
