<?xml version="1.0" encoding="UTF-8"?>
<!-- Generated by org.testng.reporters.JUnitReportReporter -->
<testsuite hostname="Samanvitha" failures="0" tests="5" name="com.bluledgerautomation.tests.AuthTest" time="39.194" errors="0" timestamp="2026-05-01T12:43:48 IST" skipped="0">
  <testcase classname="com.bluledgerautomation.tests.AuthTest" name="loginTest" time="6.371"/>
  <testcase classname="com.bluledgerautomation.tests.AuthTest" name="logoutTest" time="11.431"/>
  <testcase classname="com.bluledgerautomation.tests.AuthTest" name="loginTest" time="9.258"/>
  <testcase classname="com.bluledgerautomation.tests.AuthTest" name="loginTest" time="4.907"/>
  <testcase classname="com.bluledgerautomation.tests.AuthTest" name="loginTest" time="7.227"/>
</testsuite> <!-- com.bluledgerautomation.tests.AuthTest -->
