<?xml version="1.0" encoding="UTF-8"?>
<!-- Generated by org.testng.reporters.JUnitReportReporter -->
<testsuite hostname="Samanvitha" failures="0" tests="2" name="com.bluledgerautomation.tests.TransactionTest" time="23.368" errors="0" timestamp="2026-05-01T12:43:48 IST" skipped="0">
  <testcase classname="com.bluledgerautomation.tests.TransactionTest" name="verifyEmptySearch" time="16.806"/>
  <testcase classname="com.bluledgerautomation.tests.TransactionTest" name="verifySearchTransaction" time="6.562"/>
</testsuite> <!-- com.bluledgerautomation.tests.TransactionTest -->
